2024/04/16 07:46:45.174527 main.go:18: INFO: This is an informational message.
2024/04/16 07:46:45.174578 main.go:19: WARN: This is a warning message.
2024/04/16 07:46:45.174582 main.go:20: ERROR: This is an error message.
2024/04/16 10:52:47.922267 main.go:22: INFO: This is an informational message.
2024/04/16 10:52:47.922335 main.go:23: WARN: This is a warning message.
2024/04/16 10:52:47.922341 main.go:24: ERROR: This is an error message.
2024/04/16 10:52:47.922361 main.go:37: ERROR: Error opening database connection: 
2024/04/16 10:52:47.922365 main.go:53: INFO: Service setup complete.
2024/04/16 10:53:33.321480 main.go:18: INFO: This is an informational message.
2024/04/16 10:53:33.321570 main.go:19: WARN: This is a warning message.
2024/04/16 10:53:33.321576 main.go:20: ERROR: This is an error message.
2024/04/16 10:53:33.321598 main.go:49: INFO: Service setup complete.
SMPM <-->2024/04/16 10:55:00.599861 main.go:18: INFO: This is an informational message.
SMPM <-->2024/04/16 10:55:00.599924 main.go:19: WARN: This is a warning message.
SMPM <-->2024/04/16 10:55:00.599930 main.go:20: ERROR: This is an error message.
SMPM <-->2024/04/16 10:55:00.599946 main.go:49: INFO: Service setup complete.
SMPM <--> 2024/04/16 10:55:29.269052 main.go:18: INFO: This is an informational message.
SMPM <--> 2024/04/16 10:55:29.269128 main.go:19: WARN: This is a warning message.
SMPM <--> 2024/04/16 10:55:29.269134 main.go:20: ERROR: This is an error message.
SMPM <--> 2024/04/16 10:55:29.269157 main.go:49: INFO: Service setup complete.
SMPM <--> 2024/04/17 17:23:52.723415 main.go:22: INFO: This is an informational message.
SMPM <--> 2024/04/17 17:23:52.723829 main.go:23: WARN: This is a warning message.
SMPM <--> 2024/04/17 17:23:52.723844 main.go:24: ERROR: This is an error message.
SMPM <--> 2024/04/17 17:23:52.723872 main.go:53: INFO: Service setup complete.
SMPM <--> 2024/04/17 17:23:52.723884 main.go:70: INFO: Starting server on port 8080
INFO: 2024/04/19 15:03:43.071578 /Users/rupeshraghavan/apl/gits/gits-rupesh/go-projects/social-media-profile-management/pkg/log/logger.go:68: This is an informational message.
WARN: 2024/04/19 15:03:43.072049 /Users/rupeshraghavan/apl/gits/gits-rupesh/go-projects/social-media-profile-management/pkg/log/logger.go:76: This is a warning message.
ERROR: 2024/04/19 15:03:43.072067 /Users/rupeshraghavan/apl/gits/gits-rupesh/go-projects/social-media-profile-management/pkg/log/logger.go:84: This is an error message.
INFO: 2024/04/19 15:03:43.072084 /Users/rupeshraghavan/apl/gits/gits-rupesh/go-projects/social-media-profile-management/pkg/log/logger.go:68: Service setup complete.
INFO: 2024/04/19 15:04:04.854670 /Users/rupeshraghavan/apl/gits/gits-rupesh/go-projects/social-media-profile-management/pkg/log/logger.go:68: This is an informational message.
WARN: 2024/04/19 15:04:04.855119 /Users/rupeshraghavan/apl/gits/gits-rupesh/go-projects/social-media-profile-management/pkg/log/logger.go:76: This is a warning message.
ERROR: 2024/04/19 15:04:04.855138 /Users/rupeshraghavan/apl/gits/gits-rupesh/go-projects/social-media-profile-management/pkg/log/logger.go:84: This is an error message.
INFO: 2024/04/19 15:04:04.855159 /Users/rupeshraghavan/apl/gits/gits-rupesh/go-projects/social-media-profile-management/pkg/log/logger.go:68: Service setup complete.
INFO: 2024/04/19 15:04:04.855175 /Users/rupeshraghavan/apl/gits/gits-rupesh/go-projects/social-media-profile-management/pkg/log/logger.go:68: Starting server on port 8080
